[debug] [2022-02-09T19:11:10.102Z] ----------------------------------------------------------------------
[debug] [2022-02-09T19:11:10.103Z] Command:       C:\Program Files\nodejs\node.exe C:\Users\pad_administrator\AppData\Roaming\npm\node_modules\firebase-tools\lib\bin\firebase.js init
[debug] [2022-02-09T19:11:10.104Z] CLI Version:   10.1.5
[debug] [2022-02-09T19:11:10.104Z] Platform:      win32
[debug] [2022-02-09T19:11:10.104Z] Node Version:  v14.4.0
[debug] [2022-02-09T19:11:10.105Z] Time:          Wed Feb 09 2022 13:11:10 GMT-0600 (Central Standard Time)
[debug] [2022-02-09T19:11:10.105Z] ----------------------------------------------------------------------
[debug] 
[debug] [2022-02-09T19:11:10.130Z] > command requires scopes: ["email","openid","https://www.googleapis.com/auth/cloudplatformprojects.readonly","https://www.googleapis.com/auth/firebase","https://www.googleapis.com/auth/cloud-platform"]
[debug] [2022-02-09T19:11:10.131Z] > authorizing via signed-in user (clva03@gmail.com)
[info] 
     ######## #### ########  ######## ########     ###     ######  ########
     ##        ##  ##     ## ##       ##     ##  ##   ##  ##       ##
     ######    ##  ########  ######   ########  #########  ######  ######
     ##        ##  ##    ##  ##       ##     ## ##     ##       ## ##
     ##       #### ##     ## ######## ########  ##     ##  ######  ########

You're about to initialize a Firebase project in this directory:

  E:\LOCAL\WEB\NEXTGENPLAY\SAMPLE1

[info] 
=== Project Setup
[info] 
[info] First, let's associate this project directory with a Firebase project.
[info] You can create multiple project aliases by running firebase use --add, 
[info] but for now we'll just set up a default project.
[info] 
[debug] [2022-02-09T19:13:10.121Z] >>> [apiv2][query] GET https://firebase.googleapis.com/v1beta1/projects pageSize=100
[debug] [2022-02-09T19:13:10.825Z] <<< [apiv2][status] GET https://firebase.googleapis.com/v1beta1/projects 200
[debug] [2022-02-09T19:13:10.825Z] <<< [apiv2][body] GET https://firebase.googleapis.com/v1beta1/projects [omitted]
[info] i  Using project nextgen-play (nextgen play) 
[info] 
=== Hosting Setup
[info] 
[info] Your public directory is the folder (relative to your project directory) that
[info] will contain Hosting assets to be uploaded with firebase deploy. If you
[info] have a build process for your assets, use your build's output directory.
[info] 
